19-04-2023 17:23:04.462 [Gauge] [INFO] Initializing concepts cache with 7 concepts
19-04-2023 17:23:04.464 [Gauge] [DEBUG] Adding concepts from C:\Users\testinium\IdeaProjects\hepsiburadaAppiumExercise\specs\Consepts\favoriEkleme.cpt
19-04-2023 17:23:04.464 [Gauge] [DEBUG] Adding concepts from C:\Users\testinium\IdeaProjects\hepsiburadaAppiumExercise\specs\Consepts\login.cpt
19-04-2023 17:23:04.464 [Gauge] [DEBUG] Adding concepts from C:\Users\testinium\IdeaProjects\hepsiburadaAppiumExercise\specs\Consepts\register.cpt
19-04-2023 17:23:04.464 [Gauge] [DEBUG] Adding concepts from C:\Users\testinium\IdeaProjects\hepsiburadaAppiumExercise\specs\Consepts\urunEkleme.cpt
19-04-2023 17:23:04.464 [Gauge] [DEBUG] Adding concepts from C:\Users\testinium\IdeaProjects\hepsiburadaAppiumExercise\specs\Consepts\urunEkleme.cpt
19-04-2023 17:23:04.466 [Gauge] [DEBUG] Adding concepts from C:\Users\testinium\IdeaProjects\hepsiburadaAppiumExercise\specs\Consepts\urunEkleme.cpt
19-04-2023 17:23:04.466 [Gauge] [DEBUG] Adding concepts from C:\Users\testinium\IdeaProjects\hepsiburadaAppiumExercise\specs\Consepts\favoriEkleme.cpt
19-04-2023 17:23:04.547 [Gauge] [INFO] Initializing specs cache with 4 specs
19-04-2023 17:23:04.547 [Gauge] [DEBUG] Adding specs from C:\Users\testinium\IdeaProjects\hepsiburadaAppiumExercise\specs\register.spec
19-04-2023 17:23:04.547 [Gauge] [DEBUG] Adding specs from C:\Users\testinium\IdeaProjects\hepsiburadaAppiumExercise\specs\favoriEkleme.spec
19-04-2023 17:23:04.547 [Gauge] [DEBUG] Adding specs from C:\Users\testinium\IdeaProjects\hepsiburadaAppiumExercise\specs\siparisOnay.spec
19-04-2023 17:23:04.547 [Gauge] [DEBUG] Adding specs from C:\Users\testinium\IdeaProjects\hepsiburadaAppiumExercise\specs\login.spec
19-04-2023 17:23:04.547 [Gauge] [INFO] Initializing steps cache with 8 steps
19-04-2023 17:23:04.547 [Gauge] [INFO] Gauge daemon initialized and listening on port: 54917
19-04-2023 17:23:04.566 [Gauge] [DEBUG] Watching directory: C:\Users\testinium\IdeaProjects\hepsiburadaAppiumExercise\specs
19-04-2023 17:23:04.566 [Gauge] [DEBUG] Found 5 files
19-04-2023 17:23:04.566 [Gauge] [DEBUG] Watching directory: C:\Users\testinium\IdeaProjects\hepsiburadaAppiumExercise\specs\Consepts
19-04-2023 17:23:04.567 [Gauge] [DEBUG] Found 4 files
19-04-2023 17:23:32.083 [Gauge] [DEBUG] Api Request Received: messageType:GetLanguagePluginLibPathRequest  messageId:5  libPathRequest:{language:"java"}
19-04-2023 17:23:32.090 [Gauge] [DEBUG] Sending API response: messageType:GetLanguagePluginLibPathResponse  messageId:5  libPathResponse:{path:"C:\\Users\\testinium\\AppData\\Roaming\\gauge\\plugins\\java\\0.9.1\\libs"}
19-04-2023 17:23:38.758 [Gauge] [INFO] Initializing concepts cache with 7 concepts
19-04-2023 17:23:38.761 [Gauge] [DEBUG] Adding concepts from C:\Users\testinium\IdeaProjects\hepsiburadaAppiumExercise\specs\Consepts\register.cpt
19-04-2023 17:23:38.761 [Gauge] [DEBUG] Adding concepts from C:\Users\testinium\IdeaProjects\hepsiburadaAppiumExercise\specs\Consepts\urunEkleme.cpt
19-04-2023 17:23:38.761 [Gauge] [DEBUG] Adding concepts from C:\Users\testinium\IdeaProjects\hepsiburadaAppiumExercise\specs\Consepts\urunEkleme.cpt
19-04-2023 17:23:38.761 [Gauge] [DEBUG] Adding concepts from C:\Users\testinium\IdeaProjects\hepsiburadaAppiumExercise\specs\Consepts\urunEkleme.cpt
19-04-2023 17:23:38.761 [Gauge] [DEBUG] Adding concepts from C:\Users\testinium\IdeaProjects\hepsiburadaAppiumExercise\specs\Consepts\favoriEkleme.cpt
19-04-2023 17:23:38.761 [Gauge] [DEBUG] Adding concepts from C:\Users\testinium\IdeaProjects\hepsiburadaAppiumExercise\specs\Consepts\favoriEkleme.cpt
19-04-2023 17:23:38.761 [Gauge] [DEBUG] Adding concepts from C:\Users\testinium\IdeaProjects\hepsiburadaAppiumExercise\specs\Consepts\login.cpt
19-04-2023 17:23:38.763 [Gauge] [INFO] Initializing specs cache with 4 specs
19-04-2023 17:23:38.763 [Gauge] [DEBUG] Adding specs from C:\Users\testinium\IdeaProjects\hepsiburadaAppiumExercise\specs\register.spec
19-04-2023 17:23:38.763 [Gauge] [DEBUG] Adding specs from C:\Users\testinium\IdeaProjects\hepsiburadaAppiumExercise\specs\login.spec
19-04-2023 17:23:38.763 [Gauge] [DEBUG] Adding specs from C:\Users\testinium\IdeaProjects\hepsiburadaAppiumExercise\specs\favoriEkleme.spec
19-04-2023 17:23:38.763 [Gauge] [DEBUG] Adding specs from C:\Users\testinium\IdeaProjects\hepsiburadaAppiumExercise\specs\siparisOnay.spec
19-04-2023 17:23:38.763 [Gauge] [INFO] Initializing steps cache with 8 steps
19-04-2023 17:23:38.763 [Gauge] [INFO] Gauge daemon initialized and listening on port: 54944
19-04-2023 17:23:38.764 [Gauge] [DEBUG] Watching directory: C:\Users\testinium\IdeaProjects\hepsiburadaAppiumExercise\specs
19-04-2023 17:23:38.764 [Gauge] [DEBUG] Found 5 files
19-04-2023 17:23:38.764 [Gauge] [DEBUG] Watching directory: C:\Users\testinium\IdeaProjects\hepsiburadaAppiumExercise\specs\Consepts
19-04-2023 17:23:38.765 [Gauge] [DEBUG] Found 4 files
19-04-2023 17:24:03.169 [Gauge] [DEBUG] Api Request Received: messageType:GetStepValueRequest  messageId:4  stepValueRequest:{stepText:"\"UyeMailAdresi\" id'li elemente \"cetawot823@ippals.com\" text degerini gonder"}
19-04-2023 17:24:03.169 [Gauge] [DEBUG] Sending API response: messageType:GetStepValueResponse  messageId:4  stepValueResponse:{stepValue:{stepValue:"{} id'li elemente {} text degerini gonder"  parameterizedStepValue:"<UyeMailAdresi> id'li elemente <cetawot823@ippals.com> text degerini gonder"  parameters:"UyeMailAdresi"  parameters:"cetawot823@ippals.com"}}
19-04-2023 17:24:03.403 [Gauge] [DEBUG] Api Request Received: messageType:GetStepValueRequest  messageId:4  stepValueRequest:{stepText:"<id> li element gorunur olana kadar bekle"}
19-04-2023 17:24:03.404 [Gauge] [DEBUG] Sending API response: messageType:GetStepValueResponse  messageId:4  stepValueResponse:{stepValue:{stepValue:"{} li element gorunur olana kadar bekle"  parameterizedStepValue:"<id> li element gorunur olana kadar bekle"  parameters:"id"}}
19-04-2023 17:24:03.404 [Gauge] [DEBUG] Api Request Received: messageType:GetStepValueRequest  messageId:4  stepValueRequest:{stepText:"<id> li elementin oldugu kontrol edilir"}
19-04-2023 17:24:03.404 [Gauge] [DEBUG] Sending API response: messageType:GetStepValueResponse  messageId:4  stepValueResponse:{stepValue:{stepValue:"{} li elementin oldugu kontrol edilir"  parameterizedStepValue:"<id> li elementin oldugu kontrol edilir"  parameters:"id"}}
19-04-2023 17:24:03.405 [Gauge] [DEBUG] Api Request Received: messageType:GetStepValueRequest  messageId:4  stepValueRequest:{stepText:"<id> id'li elemente tikla"}
19-04-2023 17:24:03.405 [Gauge] [DEBUG] Sending API response: messageType:GetStepValueResponse  messageId:4  stepValueResponse:{stepValue:{stepValue:"{} id'li elemente tikla"  parameterizedStepValue:"<id> id'li elemente tikla"  parameters:"id"}}
19-04-2023 17:24:03.405 [Gauge] [DEBUG] Api Request Received: messageType:GetStepValueRequest  messageId:4  stepValueRequest:{stepText:"<xpath> xpath'li element gorunur olana kadar bekle"}
19-04-2023 17:24:03.405 [Gauge] [DEBUG] Sending API response: messageType:GetStepValueResponse  messageId:4  stepValueResponse:{stepValue:{stepValue:"{} xpath'li element gorunur olana kadar bekle"  parameterizedStepValue:"<xpath> xpath'li element gorunur olana kadar bekle"  parameters:"xpath"}}
19-04-2023 17:24:03.406 [Gauge] [DEBUG] Api Request Received: messageType:GetStepValueRequest  messageId:4  stepValueRequest:{stepText:"<element> xpath'li elemente tikla"}
19-04-2023 17:24:03.406 [Gauge] [DEBUG] Sending API response: messageType:GetStepValueResponse  messageId:4  stepValueResponse:{stepValue:{stepValue:"{} xpath'li elemente tikla"  parameterizedStepValue:"<element> xpath'li elemente tikla"  parameters:"element"}}
19-04-2023 17:24:03.406 [Gauge] [DEBUG] Api Request Received: messageType:GetStepValueRequest  messageId:4  stepValueRequest:{stepText:"<id> id'li elemente <text> text degerini gonder"}
19-04-2023 17:24:03.406 [Gauge] [DEBUG] Sending API response: messageType:GetStepValueResponse  messageId:4  stepValueResponse:{stepValue:{stepValue:"{} id'li elemente {} text degerini gonder"  parameterizedStepValue:"<id> id'li elemente <text> text degerini gonder"  parameters:"id"  parameters:"text"}}
19-04-2023 17:24:03.415 [Gauge] [DEBUG] Api Request Received: messageType:GetStepValueRequest  messageId:4  stepValueRequest:{stepText:"\"HesabimIcon\" id'li elemente tikla"}
19-04-2023 17:24:03.416 [Gauge] [DEBUG] Sending API response: messageType:GetStepValueResponse  messageId:4  stepValueResponse:{stepValue:{stepValue:"{} id'li elemente tikla"  parameterizedStepValue:"<HesabimIcon> id'li elemente tikla"  parameters:"HesabimIcon"}}
19-04-2023 17:24:03.454 [Gauge] [DEBUG] Api Request Received: messageType:GetStepValueRequest  messageId:4  stepValueRequest:{stepText:"\"UyeOlmaButon\" xpath'li elemente tikla"}
19-04-2023 17:24:03.455 [Gauge] [DEBUG] Sending API response: messageType:GetStepValueResponse  messageId:4  stepValueResponse:{stepValue:{stepValue:"{} xpath'li elemente tikla"  parameterizedStepValue:"<UyeOlmaButon> xpath'li elemente tikla"  parameters:"UyeOlmaButon"}}
19-04-2023 17:24:03.460 [Gauge] [DEBUG] Api Request Received: messageType:GetStepValueRequest  messageId:4  stepValueRequest:{stepText:"\"DevamEtButon\" id'li elemente tikla"}
19-04-2023 17:24:03.460 [Gauge] [DEBUG] Sending API response: messageType:GetStepValueResponse  messageId:4  stepValueResponse:{stepValue:{stepValue:"{} id'li elemente tikla"  parameterizedStepValue:"<DevamEtButon> id'li elemente tikla"  parameters:"DevamEtButon"}}
19-04-2023 17:24:03.461 [Gauge] [DEBUG] Api Request Received: messageType:GetStepValueRequest  messageId:4  stepValueRequest:{stepText:"\"DogrulamaMailGondermeKontrol\" li elementin oldugu kontrol edilir"}
19-04-2023 17:24:03.462 [Gauge] [DEBUG] Sending API response: messageType:GetStepValueResponse  messageId:4  stepValueResponse:{stepValue:{stepValue:"{} li elementin oldugu kontrol edilir"  parameterizedStepValue:"<DogrulamaMailGondermeKontrol> li elementin oldugu kontrol edilir"  parameters:"DogrulamaMailGondermeKontrol"}}
19-04-2023 17:24:03.468 [Gauge] [DEBUG] Api Request Received: messageType:GetStepValueRequest  messageId:4  stepValueRequest:{stepText:"\"UyeAd\" id'li elemente \"qwer\" text degerini gonder"}
19-04-2023 17:24:03.468 [Gauge] [DEBUG] Sending API response: messageType:GetStepValueResponse  messageId:4  stepValueResponse:{stepValue:{stepValue:"{} id'li elemente {} text degerini gonder"  parameterizedStepValue:"<UyeAd> id'li elemente <qwer> text degerini gonder"  parameters:"UyeAd"  parameters:"qwer"}}
19-04-2023 17:24:03.469 [Gauge] [DEBUG] Api Request Received: messageType:GetStepValueRequest  messageId:4  stepValueRequest:{stepText:"\"UyeSoyad\" id'li elemente \"qwer\" text degerini gonder"}
19-04-2023 17:24:03.469 [Gauge] [DEBUG] Sending API response: messageType:GetStepValueResponse  messageId:4  stepValueResponse:{stepValue:{stepValue:"{} id'li elemente {} text degerini gonder"  parameterizedStepValue:"<UyeSoyad> id'li elemente <qwer> text degerini gonder"  parameters:"UyeSoyad"  parameters:"qwer"}}
19-04-2023 17:24:03.471 [Gauge] [DEBUG] Api Request Received: messageType:GetStepValueRequest  messageId:4  stepValueRequest:{stepText:"\"UyeSifre\" id'li elemente \"Qwertyuı1\" text degerini gonder"}
19-04-2023 17:24:03.471 [Gauge] [DEBUG] Sending API response: messageType:GetStepValueResponse  messageId:4  stepValueResponse:{stepValue:{stepValue:"{} id'li elemente {} text degerini gonder"  parameterizedStepValue:"<UyeSifre> id'li elemente <Qwertyuı1> text degerini gonder"  parameters:"UyeSifre"  parameters:"Qwertyuı1"}}
19-04-2023 17:24:03.473 [Gauge] [DEBUG] Api Request Received: messageType:GetStepValueRequest  messageId:4  stepValueRequest:{stepText:"\"UyelikTamamlama\" id'li elemente tikla"}
19-04-2023 17:24:03.473 [Gauge] [DEBUG] Sending API response: messageType:GetStepValueResponse  messageId:4  stepValueResponse:{stepValue:{stepValue:"{} id'li elemente tikla"  parameterizedStepValue:"<UyelikTamamlama> id'li elemente tikla"  parameters:"UyelikTamamlama"}}
19-04-2023 17:24:03.474 [Gauge] [DEBUG] Api Request Received: messageType:GetStepValueRequest  messageId:4  stepValueRequest:{stepText:"\"BasariliGirisKontrol\" li element gorunur olana kadar bekle"}
19-04-2023 17:24:03.474 [Gauge] [DEBUG] Sending API response: messageType:GetStepValueResponse  messageId:4  stepValueResponse:{stepValue:{stepValue:"{} li element gorunur olana kadar bekle"  parameterizedStepValue:"<BasariliGirisKontrol> li element gorunur olana kadar bekle"  parameters:"BasariliGirisKontrol"}}
19-04-2023 17:24:03.476 [Gauge] [DEBUG] Api Request Received: messageType:GetStepValueRequest  messageId:4  stepValueRequest:{stepText:"\"HosgeldinizPopUpKapatma\" id'li elemente tikla"}
19-04-2023 17:24:03.476 [Gauge] [DEBUG] Sending API response: messageType:GetStepValueResponse  messageId:4  stepValueResponse:{stepValue:{stepValue:"{} id'li elemente tikla"  parameterizedStepValue:"<HosgeldinizPopUpKapatma> id'li elemente tikla"  parameters:"HosgeldinizPopUpKapatma"}}
19-04-2023 17:24:04.689 [Gauge] [DEBUG] Api Request Received: messageType:GetStepValueRequest  messageId:4  stepValueRequest:{stepText:"\"GirisYapButonu\" id'li elemente tikla"}
19-04-2023 17:24:04.690 [Gauge] [DEBUG] Sending API response: messageType:GetStepValueResponse  messageId:4  stepValueResponse:{stepValue:{stepValue:"{} id'li elemente tikla"  parameterizedStepValue:"<GirisYapButonu> id'li elemente tikla"  parameters:"GirisYapButonu"}}
19-04-2023 17:24:04.691 [Gauge] [DEBUG] Api Request Received: messageType:GetStepValueRequest  messageId:4  stepValueRequest:{stepText:"\"LoginMail\" id'li elemente \"cetawot823@ippals.com\" text degerini gonder"}
19-04-2023 17:24:04.692 [Gauge] [DEBUG] Sending API response: messageType:GetStepValueResponse  messageId:4  stepValueResponse:{stepValue:{stepValue:"{} id'li elemente {} text degerini gonder"  parameterizedStepValue:"<LoginMail> id'li elemente <cetawot823@ippals.com> text degerini gonder"  parameters:"LoginMail"  parameters:"cetawot823@ippals.com"}}
19-04-2023 17:24:04.693 [Gauge] [DEBUG] Api Request Received: messageType:GetStepValueRequest  messageId:4  stepValueRequest:{stepText:"\"GirişYapButonuMailSonrasi\" id'li elemente tikla"}
19-04-2023 17:24:04.693 [Gauge] [DEBUG] Sending API response: messageType:GetStepValueResponse  messageId:4  stepValueResponse:{stepValue:{stepValue:"{} id'li elemente tikla"  parameterizedStepValue:"<GirişYapButonuMailSonrasi> id'li elemente tikla"  parameters:"GirişYapButonuMailSonrasi"}}
19-04-2023 17:24:04.695 [Gauge] [DEBUG] Api Request Received: messageType:GetStepValueRequest  messageId:4  stepValueRequest:{stepText:"\"LoginSifre\" id'li elemente \"Qwertyuı1\" text degerini gonder"}
19-04-2023 17:24:04.696 [Gauge] [DEBUG] Sending API response: messageType:GetStepValueResponse  messageId:4  stepValueResponse:{stepValue:{stepValue:"{} id'li elemente {} text degerini gonder"  parameterizedStepValue:"<LoginSifre> id'li elemente <Qwertyuı1> text degerini gonder"  parameters:"LoginSifre"  parameters:"Qwertyuı1"}}
19-04-2023 17:24:04.701 [Gauge] [DEBUG] Api Request Received: messageType:GetStepValueRequest  messageId:4  stepValueRequest:{stepText:"\"GirisYapButonuSifreSonrasi\" id'li elemente tikla"}
19-04-2023 17:24:04.702 [Gauge] [DEBUG] Sending API response: messageType:GetStepValueResponse  messageId:4  stepValueResponse:{stepValue:{stepValue:"{} id'li elemente tikla"  parameterizedStepValue:"<GirisYapButonuSifreSonrasi> id'li elemente tikla"  parameters:"GirisYapButonuSifreSonrasi"}}
19-04-2023 17:24:04.702 [Gauge] [DEBUG] Api Request Received: messageType:GetStepValueRequest  messageId:4  stepValueRequest:{stepText:"\"GirisKontrolu\" li element gorunur olana kadar bekle"}
19-04-2023 17:24:04.703 [Gauge] [DEBUG] Sending API response: messageType:GetStepValueResponse  messageId:4  stepValueResponse:{stepValue:{stepValue:"{} li element gorunur olana kadar bekle"  parameterizedStepValue:"<GirisKontrolu> li element gorunur olana kadar bekle"  parameters:"GirisKontrolu"}}
19-04-2023 17:25:27.766 [Gauge] [DEBUG] Api Request Received: messageType:GetStepValueRequest  messageId:4  stepValueRequest:{stepText:"\"FavorilereEkleme\" id'li elemente tikla"}
19-04-2023 17:25:27.766 [Gauge] [DEBUG] Sending API response: messageType:GetStepValueResponse  messageId:4  stepValueResponse:{stepValue:{stepValue:"{} id'li elemente tikla"  parameterizedStepValue:"<FavorilereEkleme> id'li elemente tikla"  parameters:"FavorilereEkleme"}}
19-04-2023 17:25:27.767 [Gauge] [DEBUG] Api Request Received: messageType:GetStepValueRequest  messageId:4  stepValueRequest:{stepText:"\"FavorilereGitme\" xpath'li elemente tikla"}
19-04-2023 17:25:27.768 [Gauge] [DEBUG] Sending API response: messageType:GetStepValueResponse  messageId:4  stepValueResponse:{stepValue:{stepValue:"{} xpath'li elemente tikla"  parameterizedStepValue:"<FavorilereGitme> xpath'li elemente tikla"  parameters:"FavorilereGitme"}}
19-04-2023 17:25:27.768 [Gauge] [DEBUG] Api Request Received: messageType:GetStepValueRequest  messageId:4  stepValueRequest:{stepText:"\"FavoriUrunKontrolu\" xpath'li elemente tikla"}
19-04-2023 17:25:27.769 [Gauge] [DEBUG] Sending API response: messageType:GetStepValueResponse  messageId:4  stepValueResponse:{stepValue:{stepValue:"{} xpath'li elemente tikla"  parameterizedStepValue:"<FavoriUrunKontrolu> xpath'li elemente tikla"  parameters:"FavoriUrunKontrolu"}}
19-04-2023 17:25:27.809 [Gauge] [DEBUG] Api Request Received: messageType:GetStepValueRequest  messageId:4  stepValueRequest:{stepText:"\"UrunEkleme\" id'li elemente tikla"}
19-04-2023 17:25:27.810 [Gauge] [DEBUG] Sending API response: messageType:GetStepValueResponse  messageId:4  stepValueResponse:{stepValue:{stepValue:"{} id'li elemente tikla"  parameterizedStepValue:"<UrunEkleme> id'li elemente tikla"  parameters:"UrunEkleme"}}
19-04-2023 17:25:27.810 [Gauge] [DEBUG] Api Request Received: messageType:GetStepValueRequest  messageId:4  stepValueRequest:{stepText:"\"UrunSepetKontrol\" li elementin oldugu kontrol edilir"}
19-04-2023 17:25:27.811 [Gauge] [DEBUG] Sending API response: messageType:GetStepValueResponse  messageId:4  stepValueResponse:{stepValue:{stepValue:"{} li elementin oldugu kontrol edilir"  parameterizedStepValue:"<UrunSepetKontrol> li elementin oldugu kontrol edilir"  parameters:"UrunSepetKontrol"}}
19-04-2023 17:25:27.811 [Gauge] [DEBUG] Api Request Received: messageType:GetStepValueRequest  messageId:4  stepValueRequest:{stepText:"\"SepeteGitme\" id'li elemente tikla"}
19-04-2023 17:25:27.812 [Gauge] [DEBUG] Sending API response: messageType:GetStepValueResponse  messageId:4  stepValueResponse:{stepValue:{stepValue:"{} id'li elemente tikla"  parameterizedStepValue:"<SepeteGitme> id'li elemente tikla"  parameters:"SepeteGitme"}}
19-04-2023 17:25:27.813 [Gauge] [DEBUG] Api Request Received: messageType:GetStepValueRequest  messageId:4  stepValueRequest:{stepText:"\"AlisverisiTamamlaButon\" id'li elemente tikla"}
19-04-2023 17:25:27.813 [Gauge] [DEBUG] Sending API response: messageType:GetStepValueResponse  messageId:4  stepValueResponse:{stepValue:{stepValue:"{} id'li elemente tikla"  parameterizedStepValue:"<AlisverisiTamamlaButon> id'li elemente tikla"  parameters:"AlisverisiTamamlaButon"}}
